[17-Sep-2017 01:53:52 UTC] PHP Fatal error:  Call to a member function find() on a non-object in /home/ubuntu/workspace/aguas/Mongui/mongui.php on line 28
[17-Sep-2017 01:53:52 UTC] PHP Stack trace:
[17-Sep-2017 01:53:52 UTC] PHP   1. {main}() /home/ubuntu/workspace/aguas/Mongui/getPuntos.php:0
[17-Sep-2017 01:53:52 UTC] PHP   2. Mongui::getAll() /home/ubuntu/workspace/aguas/Mongui/getPuntos.php:7
[17-Sep-2017 01:53:52 UTC] PHP Fatal error:  Call to a member function find() on a non-object in /home/ubuntu/workspace/aguas/Mongui/mongui.php on line 28
[17-Sep-2017 01:53:52 UTC] PHP Stack trace:
[17-Sep-2017 01:53:52 UTC] PHP   1. {main}() /home/ubuntu/workspace/aguas/Mongui/getPuntos.php:0
[17-Sep-2017 01:53:52 UTC] PHP   2. Mongui::getAll() /home/ubuntu/workspace/aguas/Mongui/getPuntos.php:7
[17-Sep-2017 01:54:05 UTC] PHP Fatal error:  Call to a member function find() on a non-object in /home/ubuntu/workspace/aguas/Mongui/mongui.php on line 61
[17-Sep-2017 01:54:05 UTC] PHP Stack trace:
[17-Sep-2017 01:54:05 UTC] PHP   1. {main}() /home/ubuntu/workspace/aguas/Mongui/buscarPorNombre.php:0
[17-Sep-2017 01:54:05 UTC] PHP   2. Mongui::getPorNombre() /home/ubuntu/workspace/aguas/Mongui/buscarPorNombre.php:11
[17-Sep-2017 01:54:08 UTC] PHP Fatal error:  Call to a member function find() on a non-object in /home/ubuntu/workspace/aguas/Mongui/mongui.php on line 46
[17-Sep-2017 01:54:08 UTC] PHP Stack trace:
[17-Sep-2017 01:54:08 UTC] PHP   1. {main}() /home/ubuntu/workspace/aguas/Mongui/buscarPorFechas.php:0
[17-Sep-2017 01:54:08 UTC] PHP   2. Mongui::getPorRangoFechas() /home/ubuntu/workspace/aguas/Mongui/buscarPorFechas.php:12
[17-Sep-2017 01:54:11 UTC] PHP Fatal error:  Uncaught exception 'MongoDB\Driver\Exception\InvalidArgumentException' with message 'Error parsing "NaN" as 64-bit integer for MongoDB\BSON\UTCDateTime initialization' in /home/ubuntu/workspace/aguas/Mongui/mongui.php:41
Stack trace:
#0 /home/ubuntu/workspace/aguas/Mongui/mongui.php(41): MongoDB\BSON\UTCDateTime->__construct('NaN')
#1 /home/ubuntu/workspace/aguas/Mongui/buscarPorFechas.php(12): Mongui::getPorRangoFechas('NaN', '1451520000000')
#2 {main}
  thrown in /home/ubuntu/workspace/aguas/Mongui/mongui.php on line 41
[17-Sep-2017 01:54:15 UTC] PHP Fatal error:  Call to a member function find() on a non-object in /home/ubuntu/workspace/aguas/Mongui/mongui.php on line 46
[17-Sep-2017 01:54:15 UTC] PHP Stack trace:
[17-Sep-2017 01:54:15 UTC] PHP   1. {main}() /home/ubuntu/workspace/aguas/Mongui/buscarPorFechas.php:0
[17-Sep-2017 01:54:15 UTC] PHP   2. Mongui::getPorRangoFechas() /home/ubuntu/workspace/aguas/Mongui/buscarPorFechas.php:12
[17-Sep-2017 01:54:17 UTC] PHP Fatal error:  Call to a member function find() on a non-object in /home/ubuntu/workspace/aguas/Mongui/mongui.php on line 61
[17-Sep-2017 01:54:17 UTC] PHP Stack trace:
[17-Sep-2017 01:54:17 UTC] PHP   1. {main}() /home/ubuntu/workspace/aguas/Mongui/buscarPorNombre.php:0
[17-Sep-2017 01:54:17 UTC] PHP   2. Mongui::getPorNombre() /home/ubuntu/workspace/aguas/Mongui/buscarPorNombre.php:11
[17-Sep-2017 01:54:21 UTC] PHP Fatal error:  Call to a member function find() on a non-object in /home/ubuntu/workspace/aguas/Mongui/mongui.php on line 46
[17-Sep-2017 01:54:21 UTC] PHP Stack trace:
[17-Sep-2017 01:54:21 UTC] PHP   1. {main}() /home/ubuntu/workspace/aguas/Mongui/buscarPorFechas.php:0
[17-Sep-2017 01:54:21 UTC] PHP   2. Mongui::getPorRangoFechas() /home/ubuntu/workspace/aguas/Mongui/buscarPorFechas.php:12
[17-Sep-2017 01:54:35 UTC] PHP Fatal error:  Call to a member function find() on a non-object in /home/ubuntu/workspace/aguas/Mongui/mongui.php on line 28
[17-Sep-2017 01:54:35 UTC] PHP Stack trace:
[17-Sep-2017 01:54:35 UTC] PHP   1. {main}() /home/ubuntu/workspace/aguas/Mongui/getPuntos.php:0
[17-Sep-2017 01:54:35 UTC] PHP   2. Mongui::getAll() /home/ubuntu/workspace/aguas/Mongui/getPuntos.php:7
[17-Sep-2017 01:54:35 UTC] PHP Fatal error:  Call to a member function find() on a non-object in /home/ubuntu/workspace/aguas/Mongui/mongui.php on line 28
[17-Sep-2017 01:54:35 UTC] PHP Stack trace:
[17-Sep-2017 01:54:35 UTC] PHP   1. {main}() /home/ubuntu/workspace/aguas/Mongui/getPuntos.php:0
[17-Sep-2017 01:54:35 UTC] PHP   2. Mongui::getAll() /home/ubuntu/workspace/aguas/Mongui/getPuntos.php:7
[17-Sep-2017 01:57:16 UTC] PHP Fatal error:  Call to a member function find() on a non-object in /home/ubuntu/workspace/aguas/Mongui/mongui.php on line 28
[17-Sep-2017 01:57:16 UTC] PHP Stack trace:
[17-Sep-2017 01:57:16 UTC] PHP   1. {main}() /home/ubuntu/workspace/aguas/Mongui/getPuntos.php:0
[17-Sep-2017 01:57:16 UTC] PHP   2. Mongui::getAll() /home/ubuntu/workspace/aguas/Mongui/getPuntos.php:7
[17-Sep-2017 01:57:17 UTC] PHP Fatal error:  Call to a member function find() on a non-object in /home/ubuntu/workspace/aguas/Mongui/mongui.php on line 28
[17-Sep-2017 01:57:17 UTC] PHP Stack trace:
[17-Sep-2017 01:57:17 UTC] PHP   1. {main}() /home/ubuntu/workspace/aguas/Mongui/getPuntos.php:0
[17-Sep-2017 01:57:17 UTC] PHP   2. Mongui::getAll() /home/ubuntu/workspace/aguas/Mongui/getPuntos.php:7
[17-Sep-2017 02:00:20 UTC] PHP Fatal error:  Call to a member function find() on a non-object in /home/ubuntu/workspace/aguas/Mongui/mongui.php on line 28
[17-Sep-2017 02:00:20 UTC] PHP Stack trace:
[17-Sep-2017 02:00:20 UTC] PHP   1. {main}() /home/ubuntu/workspace/aguas/Mongui/getPuntos.php:0
[17-Sep-2017 02:00:20 UTC] PHP   2. Mongui::getAll() /home/ubuntu/workspace/aguas/Mongui/getPuntos.php:7
[17-Sep-2017 02:00:33 UTC] PHP Fatal error:  Call to a member function find() on a non-object in /home/ubuntu/workspace/aguas/Mongui/mongui.php on line 28
[17-Sep-2017 02:00:33 UTC] PHP Stack trace:
[17-Sep-2017 02:00:33 UTC] PHP   1. {main}() /home/ubuntu/workspace/aguas/Mongui/getPuntos.php:0
[17-Sep-2017 02:00:33 UTC] PHP   2. Mongui::getAll() /home/ubuntu/workspace/aguas/Mongui/getPuntos.php:7
[17-Sep-2017 02:04:51 UTC] PHP Fatal error:  Uncaught exception 'MongoDB\Driver\Exception\InvalidArgumentException' with message 'Error parsing "NaN" as 64-bit integer for MongoDB\BSON\UTCDateTime initialization' in /home/ubuntu/workspace/aguas/Mongui/mongui.php:41
Stack trace:
#0 /home/ubuntu/workspace/aguas/Mongui/mongui.php(41): MongoDB\BSON\UTCDateTime->__construct('NaN')
#1 /home/ubuntu/workspace/aguas/Mongui/buscarPorFechas.php(12): Mongui::getPorRangoFechas('NaN', 'NaN')
#2 {main}
  thrown in /home/ubuntu/workspace/aguas/Mongui/mongui.php on line 41
[17-Sep-2017 02:04:58 UTC] PHP Fatal error:  Uncaught exception 'MongoDB\Driver\Exception\InvalidArgumentException' with message 'Error parsing "NaN" as 64-bit integer for MongoDB\BSON\UTCDateTime initialization' in /home/ubuntu/workspace/aguas/Mongui/mongui.php:42
Stack trace:
#0 /home/ubuntu/workspace/aguas/Mongui/mongui.php(42): MongoDB\BSON\UTCDateTime->__construct('NaN')
#1 /home/ubuntu/workspace/aguas/Mongui/buscarPorFechas.php(12): Mongui::getPorRangoFechas('1498867200000', 'NaN')
#2 {main}
  thrown in /home/ubuntu/workspace/aguas/Mongui/mongui.php on line 42
[17-Sep-2017 02:05:01 UTC] PHP Fatal error:  Call to a member function find() on a non-object in /home/ubuntu/workspace/aguas/Mongui/mongui.php on line 61
[17-Sep-2017 02:05:01 UTC] PHP Stack trace:
[17-Sep-2017 02:05:01 UTC] PHP   1. {main}() /home/ubuntu/workspace/aguas/Mongui/buscarPorNombre.php:0
[17-Sep-2017 02:05:01 UTC] PHP   2. Mongui::getPorNombre() /home/ubuntu/workspace/aguas/Mongui/buscarPorNombre.php:11
[17-Sep-2017 02:05:02 UTC] PHP Fatal error:  Call to a member function find() on a non-object in /home/ubuntu/workspace/aguas/Mongui/mongui.php on line 46
[17-Sep-2017 02:05:02 UTC] PHP Stack trace:
[17-Sep-2017 02:05:02 UTC] PHP   1. {main}() /home/ubuntu/workspace/aguas/Mongui/buscarPorFechas.php:0
[17-Sep-2017 02:05:02 UTC] PHP   2. Mongui::getPorRangoFechas() /home/ubuntu/workspace/aguas/Mongui/buscarPorFechas.php:12
[17-Sep-2017 02:23:50 UTC] PHP Fatal error:  Call to a member function getID() on a non-object in /home/ubuntu/workspace/aguas/Mongui/getPuntos.php on line 18
[17-Sep-2017 02:23:50 UTC] PHP Stack trace:
[17-Sep-2017 02:23:50 UTC] PHP   1. {main}() /home/ubuntu/workspace/aguas/Mongui/getPuntos.php:0
[17-Sep-2017 02:23:50 UTC] PHP Fatal error:  Call to a member function getID() on a non-object in /home/ubuntu/workspace/aguas/Mongui/getPuntos.php on line 18
[17-Sep-2017 02:23:50 UTC] PHP Stack trace:
[17-Sep-2017 02:23:50 UTC] PHP   1. {main}() /home/ubuntu/workspace/aguas/Mongui/getPuntos.php:0
[17-Sep-2017 02:24:32 UTC] PHP Fatal error:  Call to a member function getID() on a non-object in /home/ubuntu/workspace/aguas/Mongui/getPuntos.php on line 18
[17-Sep-2017 02:24:32 UTC] PHP Stack trace:
[17-Sep-2017 02:24:32 UTC] PHP   1. {main}() /home/ubuntu/workspace/aguas/Mongui/getPuntos.php:0
[17-Sep-2017 02:24:32 UTC] PHP Fatal error:  Call to a member function getID() on a non-object in /home/ubuntu/workspace/aguas/Mongui/getPuntos.php on line 18
[17-Sep-2017 02:24:32 UTC] PHP Stack trace:
[17-Sep-2017 02:24:32 UTC] PHP   1. {main}() /home/ubuntu/workspace/aguas/Mongui/getPuntos.php:0
[17-Sep-2017 02:24:51 UTC] PHP Fatal error:  Call to a member function getID() on a non-object in /home/ubuntu/workspace/aguas/Mongui/getPuntos.php on line 18
[17-Sep-2017 02:24:51 UTC] PHP Stack trace:
[17-Sep-2017 02:24:51 UTC] PHP   1. {main}() /home/ubuntu/workspace/aguas/Mongui/getPuntos.php:0
[17-Sep-2017 02:24:51 UTC] PHP Fatal error:  Call to a member function getID() on a non-object in /home/ubuntu/workspace/aguas/Mongui/getPuntos.php on line 18
[17-Sep-2017 02:24:51 UTC] PHP Stack trace:
[17-Sep-2017 02:24:51 UTC] PHP   1. {main}() /home/ubuntu/workspace/aguas/Mongui/getPuntos.php:0
[17-Sep-2017 02:30:03 UTC] PHP Fatal error:  Call to a member function getID() on a non-object in /home/ubuntu/workspace/aguas/Mongui/getPuntos.php on line 18
[17-Sep-2017 02:30:03 UTC] PHP Stack trace:
[17-Sep-2017 02:30:03 UTC] PHP   1. {main}() /home/ubuntu/workspace/aguas/Mongui/getPuntos.php:0
[17-Sep-2017 02:30:03 UTC] PHP Fatal error:  Call to a member function getID() on a non-object in /home/ubuntu/workspace/aguas/Mongui/getPuntos.php on line 18
[17-Sep-2017 02:30:03 UTC] PHP Stack trace:
[17-Sep-2017 02:30:03 UTC] PHP   1. {main}() /home/ubuntu/workspace/aguas/Mongui/getPuntos.php:0
[17-Sep-2017 02:30:39 UTC] PHP Fatal error:  Call to a member function getID() on a non-object in /home/ubuntu/workspace/aguas/Mongui/getPuntos.php on line 19
[17-Sep-2017 02:30:39 UTC] PHP Stack trace:
[17-Sep-2017 02:30:39 UTC] PHP   1. {main}() /home/ubuntu/workspace/aguas/Mongui/getPuntos.php:0
[17-Sep-2017 02:30:39 UTC] PHP Fatal error:  Call to a member function getID() on a non-object in /home/ubuntu/workspace/aguas/Mongui/getPuntos.php on line 19
[17-Sep-2017 02:30:39 UTC] PHP Stack trace:
[17-Sep-2017 02:30:39 UTC] PHP   1. {main}() /home/ubuntu/workspace/aguas/Mongui/getPuntos.php:0
[17-Sep-2017 02:32:05 UTC] PHP Fatal error:  Call to a member function getID() on a non-object in /home/ubuntu/workspace/aguas/Mongui/getPuntos.php on line 21
[17-Sep-2017 02:32:05 UTC] PHP Stack trace:
[17-Sep-2017 02:32:05 UTC] PHP   1. {main}() /home/ubuntu/workspace/aguas/Mongui/getPuntos.php:0
[17-Sep-2017 02:32:05 UTC] PHP Fatal error:  Call to a member function getID() on a non-object in /home/ubuntu/workspace/aguas/Mongui/getPuntos.php on line 21
[17-Sep-2017 02:32:05 UTC] PHP Stack trace:
[17-Sep-2017 02:32:05 UTC] PHP   1. {main}() /home/ubuntu/workspace/aguas/Mongui/getPuntos.php:0
